{
"contracts/Escrow.sol":{"l":{"73":8,"74":8,"75":1,"77":1,"81":1,"83":5,"87":20,"89":20,"93":2,"95":18,"105":10,"106":10,"107":1,"109":2,"110":1,"113":1,"117":1,"119":6,"123":7,"124":7,"125":0,"127":7,"131":0,"132":0,"134":0,"138":28,"139":1,"141":27,"145":1,"146":1,"160":27,"170":27,"171":27,"172":27,"173":27,"183":7,"184":7,"185":0,"187":7,"188":7,"199":6,"202":6,"204":6,"205":6,"206":0,"208":6,"219":5,"222":5,"224":5,"225":5,"226":0,"228":5,"236":0,"237":0,"241":0,"242":0,"246":13,"247":0,"249":13,"253":1,"257":1},"path":"/Users/mac/Documents/work2/web3marketplace/Web3Marketplace/contracts/contracts/Escrow.sol","s":{"1":8,"2":8,"3":7,"4":6,"5":20,"6":20,"7":10,"8":10,"9":9,"10":2,"11":7,"12":6,"13":7,"14":7,"15":0,"16":28,"17":27,"18":27,"19":27,"20":27,"21":7,"22":7,"23":7,"24":6,"25":6,"26":6,"27":6,"28":5,"29":5,"30":5,"31":5,"32":0,"33":0,"34":0,"35":0,"36":13,"37":13,"38":1,"39":1},"b":{"1":[1,7],"2":[1,6],"3":[1,5],"4":[2,18],"5":[1,9],"6":[2,7],"7":[1,1],"8":[1,6],"9":[1,5],"10":[0,7],"11":[0,0],"12":[1,27],"13":[27,1],"14":[7,0],"15":[0,7],"16":[10,1],"17":[6,4],"18":[0,6],"19":[8,1],"20":[5,3],"21":[0,5],"22":[0,13]},"f":{"1":8,"2":20,"3":10,"4":7,"5":0,"6":28,"7":1,"8":27,"9":7,"10":6,"11":5,"12":0,"13":0,"14":13,"15":1,"16":1},"fnMap":{"1":{"name":"onlySellerOrDisputed","line":72,"loc":{"start":{"line":72,"column":4},"end":{"line":84,"column":4}}},"2":{"name":"orderOpenOrDisputed","line":86,"loc":{"start":{"line":86,"column":4},"end":{"line":96,"column":4}}},"3":{"name":"onlyBuyerOrTimeOrDisputed","line":104,"loc":{"start":{"line":104,"column":4},"end":{"line":120,"column":4}}},"4":{"name":"onlySellerOrBuyer","line":122,"loc":{"start":{"line":122,"column":4},"end":{"line":128,"column":4}}},"5":{"name":"onlyOwner","line":130,"loc":{"start":{"line":130,"column":4},"end":{"line":135,"column":4}}},"6":{"name":"onlyMarketplace","line":137,"loc":{"start":{"line":137,"column":4},"end":{"line":142,"column":4}}},"7":{"name":"constructor","line":144,"loc":{"start":{"line":144,"column":4},"end":{"line":147,"column":4}}},"8":{"name":"createEscrow","line":159,"loc":{"start":{"line":153,"column":4},"end":{"line":174,"column":4}}},"9":{"name":"startDispute","line":182,"loc":{"start":{"line":182,"column":4},"end":{"line":189,"column":4}}},"10":{"name":"release","line":198,"loc":{"start":{"line":196,"column":4},"end":{"line":209,"column":4}}},"11":{"name":"refund","line":218,"loc":{"start":{"line":216,"column":4},"end":{"line":229,"column":4}}},"12":{"name":"getSellerOrders","line":235,"loc":{"start":{"line":235,"column":4},"end":{"line":238,"column":4}}},"13":{"name":"getBuyerOrders","line":240,"loc":{"start":{"line":240,"column":4},"end":{"line":243,"column":4}}},"14":{"name":"getOrderById","line":245,"loc":{"start":{"line":245,"column":4},"end":{"line":250,"column":4}}},"15":{"name":"getMarketplaceAddress","line":252,"loc":{"start":{"line":252,"column":4},"end":{"line":254,"column":4}}},"16":{"name":"getOwner","line":256,"loc":{"start":{"line":256,"column":4},"end":{"line":258,"column":4}}}},"statementMap":{"1":{"start":{"line":73,"column":8},"end":{"line":73,"column":55}},"2":{"start":{"line":74,"column":8},"end":{"line":74,"column":1937}},"3":{"start":{"line":76,"column":15},"end":{"line":76,"column":2060}},"4":{"start":{"line":78,"column":15},"end":{"line":78,"column":2171}},"5":{"start":{"line":87,"column":8},"end":{"line":87,"column":55}},"6":{"start":{"line":89,"column":8},"end":{"line":89,"column":2516}},"7":{"start":{"line":105,"column":8},"end":{"line":105,"column":55}},"8":{"start":{"line":106,"column":8},"end":{"line":106,"column":3011}},"9":{"start":{"line":108,"column":15},"end":{"line":108,"column":3134}},"10":{"start":{"line":109,"column":12},"end":{"line":109,"column":3184}},"11":{"start":{"line":112,"column":15},"end":{"line":112,"column":3315}},"12":{"start":{"line":114,"column":15},"end":{"line":114,"column":3424}},"13":{"start":{"line":123,"column":8},"end":{"line":123,"column":55}},"14":{"start":{"line":124,"column":8},"end":{"line":124,"column":3708}},"15":{"start":{"line":131,"column":8},"end":{"line":131,"column":3883}},"16":{"start":{"line":138,"column":8},"end":{"line":138,"column":4017}},"17":{"start":{"line":160,"column":8},"end":{"line":160,"column":4596}},"18":{"start":{"line":170,"column":8},"end":{"line":170,"column":42}},"19":{"start":{"line":171,"column":8},"end":{"line":171,"column":44}},"20":{"start":{"line":173,"column":8},"end":{"line":173,"column":28}},"21":{"start":{"line":183,"column":8},"end":{"line":183,"column":56}},"22":{"start":{"line":184,"column":8},"end":{"line":184,"column":5355}},"23":{"start":{"line":188,"column":8},"end":{"line":188,"column":36}},"24":{"start":{"line":199,"column":8},"end":{"line":199,"column":56}},"25":{"start":{"line":204,"column":8},"end":{"line":204,"column":68}},"26":{"start":{"line":205,"column":8},"end":{"line":205,"column":6037}},"27":{"start":{"line":208,"column":8},"end":{"line":208,"column":36}},"28":{"start":{"line":219,"column":8},"end":{"line":219,"column":56}},"29":{"start":{"line":224,"column":8},"end":{"line":224,"column":67}},"30":{"start":{"line":225,"column":8},"end":{"line":225,"column":6655}},"31":{"start":{"line":228,"column":8},"end":{"line":228,"column":36}},"32":{"start":{"line":236,"column":8},"end":{"line":236,"column":63}},"33":{"start":{"line":237,"column":8},"end":{"line":237,"column":24}},"34":{"start":{"line":241,"column":8},"end":{"line":241,"column":62}},"35":{"start":{"line":242,"column":8},"end":{"line":242,"column":24}},"36":{"start":{"line":246,"column":8},"end":{"line":246,"column":7249}},"37":{"start":{"line":249,"column":8},"end":{"line":249,"column":41}},"38":{"start":{"line":253,"column":8},"end":{"line":253,"column":37}},"39":{"start":{"line":257,"column":8},"end":{"line":257,"column":20}}},"branchMap":{"1":{"line":74,"type":"if","locations":[{"start":{"line":74,"column":8},"end":{"line":74,"column":8}},{"start":{"line":74,"column":8},"end":{"line":74,"column":8}}]},"2":{"line":76,"type":"if","locations":[{"start":{"line":76,"column":15},"end":{"line":76,"column":15}},{"start":{"line":76,"column":15},"end":{"line":76,"column":15}}]},"3":{"line":78,"type":"if","locations":[{"start":{"line":78,"column":15},"end":{"line":78,"column":15}},{"start":{"line":78,"column":15},"end":{"line":78,"column":15}}]},"4":{"line":89,"type":"if","locations":[{"start":{"line":89,"column":8},"end":{"line":89,"column":8}},{"start":{"line":89,"column":8},"end":{"line":89,"column":8}}]},"5":{"line":106,"type":"if","locations":[{"start":{"line":106,"column":8},"end":{"line":106,"column":8}},{"start":{"line":106,"column":8},"end":{"line":106,"column":8}}]},"6":{"line":108,"type":"if","locations":[{"start":{"line":108,"column":15},"end":{"line":108,"column":15}},{"start":{"line":108,"column":15},"end":{"line":108,"column":15}}]},"7":{"line":109,"type":"if","locations":[{"start":{"line":109,"column":12},"end":{"line":109,"column":12}},{"start":{"line":109,"column":12},"end":{"line":109,"column":12}}]},"8":{"line":112,"type":"if","locations":[{"start":{"line":112,"column":15},"end":{"line":112,"column":15}},{"start":{"line":112,"column":15},"end":{"line":112,"column":15}}]},"9":{"line":114,"type":"if","locations":[{"start":{"line":114,"column":15},"end":{"line":114,"column":15}},{"start":{"line":114,"column":15},"end":{"line":114,"column":15}}]},"10":{"line":124,"type":"if","locations":[{"start":{"line":124,"column":8},"end":{"line":124,"column":8}},{"start":{"line":124,"column":8},"end":{"line":124,"column":8}}]},"11":{"line":131,"type":"if","locations":[{"start":{"line":131,"column":8},"end":{"line":131,"column":8}},{"start":{"line":131,"column":8},"end":{"line":131,"column":8}}]},"12":{"line":138,"type":"if","locations":[{"start":{"line":138,"column":8},"end":{"line":138,"column":8}},{"start":{"line":138,"column":8},"end":{"line":138,"column":8}}]},"13":{"line":159,"type":"if","locations":[{"start":{"line":159,"column":23},"end":{"line":159,"column":23}},{"start":{"line":159,"column":23},"end":{"line":159,"column":23}}]},"14":{"line":182,"type":"if","locations":[{"start":{"line":182,"column":51},"end":{"line":182,"column":51}},{"start":{"line":182,"column":51},"end":{"line":182,"column":51}}]},"15":{"line":184,"type":"if","locations":[{"start":{"line":184,"column":8},"end":{"line":184,"column":8}},{"start":{"line":184,"column":8},"end":{"line":184,"column":8}}]},"16":{"line":198,"type":"if","locations":[{"start":{"line":198,"column":13},"end":{"line":198,"column":13}},{"start":{"line":198,"column":13},"end":{"line":198,"column":13}}]},"17":{"line":198,"type":"if","locations":[{"start":{"line":198,"column":43},"end":{"line":198,"column":43}},{"start":{"line":198,"column":43},"end":{"line":198,"column":43}}]},"18":{"line":205,"type":"if","locations":[{"start":{"line":205,"column":8},"end":{"line":205,"column":8}},{"start":{"line":205,"column":8},"end":{"line":205,"column":8}}]},"19":{"line":218,"type":"if","locations":[{"start":{"line":218,"column":13},"end":{"line":218,"column":13}},{"start":{"line":218,"column":13},"end":{"line":218,"column":13}}]},"20":{"line":218,"type":"if","locations":[{"start":{"line":218,"column":43},"end":{"line":218,"column":43}},{"start":{"line":218,"column":43},"end":{"line":218,"column":43}}]},"21":{"line":225,"type":"if","locations":[{"start":{"line":225,"column":8},"end":{"line":225,"column":8}},{"start":{"line":225,"column":8},"end":{"line":225,"column":8}}]},"22":{"line":246,"type":"if","locations":[{"start":{"line":246,"column":8},"end":{"line":246,"column":8}},{"start":{"line":246,"column":8},"end":{"line":246,"column":8}}]}}},
"contracts/Lock.sol":{"l":{"14":2,"19":1,"20":1,"27":5,"28":4,"30":3,"32":3},"path":"/Users/mac/Documents/work2/web3marketplace/Web3Marketplace/contracts/contracts/Lock.sol","s":{"1":2,"2":5,"3":4,"4":3,"5":3},"b":{"1":[1,1],"2":[4,1],"3":[3,1]},"f":{"1":2,"2":5},"fnMap":{"1":{"name":"constructor","line":13,"loc":{"start":{"line":13,"column":4},"end":{"line":21,"column":4}}},"2":{"name":"withdraw","line":23,"loc":{"start":{"line":23,"column":4},"end":{"line":33,"column":4}}}},"statementMap":{"1":{"start":{"line":14,"column":8},"end":{"line":14,"column":327}},"2":{"start":{"line":27,"column":8},"end":{"line":27,"column":71}},"3":{"start":{"line":28,"column":8},"end":{"line":28,"column":59}},"4":{"start":{"line":30,"column":8},"end":{"line":30,"column":63}},"5":{"start":{"line":32,"column":8},"end":{"line":32,"column":44}}},"branchMap":{"1":{"line":14,"type":"if","locations":[{"start":{"line":14,"column":8},"end":{"line":14,"column":8}},{"start":{"line":14,"column":8},"end":{"line":14,"column":8}}]},"2":{"line":27,"type":"if","locations":[{"start":{"line":27,"column":8},"end":{"line":27,"column":8}},{"start":{"line":27,"column":8},"end":{"line":27,"column":8}}]},"3":{"line":28,"type":"if","locations":[{"start":{"line":28,"column":8},"end":{"line":28,"column":8}},{"start":{"line":28,"column":8},"end":{"line":28,"column":8}}]}}},
"contracts/Marketplace.sol":{"l":{"63":1,"64":1,"81":32,"89":32,"90":32,"91":32,"107":29,"108":29,"109":0,"111":29,"112":1,"114":28,"115":1,"117":27,"120":27,"122":27,"123":27,"124":27,"125":0,"128":27,"136":1,"142":31,"143":1,"145":30,"149":2,"150":2,"154":1},"path":"/Users/mac/Documents/work2/web3marketplace/Web3Marketplace/contracts/contracts/Marketplace.sol","s":{"1":32,"2":32,"3":32,"4":29,"5":29,"6":29,"7":28,"8":27,"9":27,"10":27,"11":27,"12":27,"13":27,"14":1,"15":31,"16":30,"17":2,"18":2,"19":1},"b":{"1":[0,29],"2":[1,28],"3":[1,27],"4":[27,0],"5":[0,27],"6":[1,30]},"f":{"1":1,"2":32,"3":29,"4":1,"5":31,"6":2,"7":1},"fnMap":{"1":{"name":"constructor","line":62,"loc":{"start":{"line":62,"column":4},"end":{"line":65,"column":4}}},"2":{"name":"createProduct","line":74,"loc":{"start":{"line":74,"column":4},"end":{"line":92,"column":4}}},"3":{"name":"buyProduct","line":102,"loc":{"start":{"line":102,"column":4},"end":{"line":129,"column":4}}},"4":{"name":"getOwner","line":135,"loc":{"start":{"line":135,"column":4},"end":{"line":137,"column":4}}},"5":{"name":"getProductById","line":139,"loc":{"start":{"line":139,"column":4},"end":{"line":146,"column":4}}},"6":{"name":"getOwnerProducts","line":148,"loc":{"start":{"line":148,"column":4},"end":{"line":151,"column":4}}},"7":{"name":"getEscrowAddress","line":153,"loc":{"start":{"line":153,"column":4},"end":{"line":155,"column":4}}}},"statementMap":{"1":{"start":{"line":81,"column":8},"end":{"line":81,"column":1798}},"2":{"start":{"line":90,"column":8},"end":{"line":90,"column":49}},"3":{"start":{"line":91,"column":8},"end":{"line":91,"column":64}},"4":{"start":{"line":107,"column":8},"end":{"line":107,"column":59}},"5":{"start":{"line":108,"column":8},"end":{"line":108,"column":2592}},"6":{"start":{"line":111,"column":8},"end":{"line":111,"column":2696}},"7":{"start":{"line":114,"column":8},"end":{"line":114,"column":2803}},"8":{"start":{"line":117,"column":8},"end":{"line":117,"column":3005}},"9":{"start":{"line":120,"column":8},"end":{"line":120,"column":3188}},"10":{"start":{"line":122,"column":8},"end":{"line":122,"column":3238}},"11":{"start":{"line":123,"column":12},"end":{"line":123,"column":77}},"12":{"start":{"line":124,"column":12},"end":{"line":124,"column":3354}},"13":{"start":{"line":128,"column":8},"end":{"line":128,"column":34}},"14":{"start":{"line":136,"column":8},"end":{"line":136,"column":22}},"15":{"start":{"line":142,"column":8},"end":{"line":142,"column":3736}},"16":{"start":{"line":145,"column":8},"end":{"line":145,"column":45}},"17":{"start":{"line":149,"column":8},"end":{"line":149,"column":67}},"18":{"start":{"line":150,"column":8},"end":{"line":150,"column":27}},"19":{"start":{"line":154,"column":8},"end":{"line":154,"column":38}}},"branchMap":{"1":{"line":108,"type":"if","locations":[{"start":{"line":108,"column":8},"end":{"line":108,"column":8}},{"start":{"line":108,"column":8},"end":{"line":108,"column":8}}]},"2":{"line":111,"type":"if","locations":[{"start":{"line":111,"column":8},"end":{"line":111,"column":8}},{"start":{"line":111,"column":8},"end":{"line":111,"column":8}}]},"3":{"line":114,"type":"if","locations":[{"start":{"line":114,"column":8},"end":{"line":114,"column":8}},{"start":{"line":114,"column":8},"end":{"line":114,"column":8}}]},"4":{"line":122,"type":"if","locations":[{"start":{"line":122,"column":8},"end":{"line":122,"column":8}},{"start":{"line":122,"column":8},"end":{"line":122,"column":8}}]},"5":{"line":124,"type":"if","locations":[{"start":{"line":124,"column":12},"end":{"line":124,"column":12}},{"start":{"line":124,"column":12},"end":{"line":124,"column":12}}]},"6":{"line":142,"type":"if","locations":[{"start":{"line":142,"column":8},"end":{"line":142,"column":8}},{"start":{"line":142,"column":8},"end":{"line":142,"column":8}}]}}}}
