{
"contracts/Escrow.sol":{"l":{"72":8,"73":8,"74":1,"76":1,"80":1,"82":5,"86":20,"88":20,"92":2,"94":18,"105":10,"106":10,"107":1,"109":2,"110":1,"113":1,"117":1,"119":6,"123":7,"124":7,"125":0,"127":7,"131":0,"132":0,"134":0,"138":28,"139":1,"141":27,"145":1,"146":1,"158":27,"167":27,"168":27,"169":27,"170":27,"171":27,"181":7,"182":7,"183":0,"185":7,"186":7,"197":6,"200":6,"202":6,"203":6,"204":0,"206":6,"217":5,"220":5,"222":5,"223":5,"224":0,"226":5,"234":0,"235":0,"239":0,"240":0,"244":13,"245":0,"247":13,"251":1,"255":1},"path":"/Users/mac/Documents/work2/web3marketplace/Web3Marketplace/contracts/contracts/Escrow.sol","s":{"1":8,"2":8,"3":7,"4":6,"5":20,"6":20,"7":10,"8":10,"9":9,"10":2,"11":7,"12":6,"13":7,"14":7,"15":0,"16":28,"17":27,"18":27,"19":27,"20":27,"21":7,"22":7,"23":7,"24":6,"25":6,"26":6,"27":6,"28":5,"29":5,"30":5,"31":5,"32":0,"33":0,"34":0,"35":0,"36":13,"37":13,"38":1,"39":1},"b":{"1":[1,7],"2":[1,6],"3":[1,5],"4":[2,18],"5":[1,9],"6":[2,7],"7":[1,1],"8":[1,6],"9":[1,5],"10":[0,7],"11":[0,0],"12":[1,27],"13":[27,1],"14":[7,0],"15":[0,7],"16":[10,1],"17":[6,4],"18":[0,6],"19":[8,1],"20":[5,3],"21":[0,5],"22":[0,13]},"f":{"1":8,"2":20,"3":10,"4":7,"5":0,"6":28,"7":1,"8":27,"9":7,"10":6,"11":5,"12":0,"13":0,"14":13,"15":1,"16":1},"fnMap":{"1":{"name":"onlySellerOrDisputed","line":71,"loc":{"start":{"line":71,"column":4},"end":{"line":83,"column":4}}},"2":{"name":"orderOpenOrDisputed","line":85,"loc":{"start":{"line":85,"column":4},"end":{"line":95,"column":4}}},"3":{"name":"onlyBuyerOrTimeOrDisputed","line":104,"loc":{"start":{"line":104,"column":4},"end":{"line":120,"column":4}}},"4":{"name":"onlySellerOrBuyer","line":122,"loc":{"start":{"line":122,"column":4},"end":{"line":128,"column":4}}},"5":{"name":"onlyOwner","line":130,"loc":{"start":{"line":130,"column":4},"end":{"line":135,"column":4}}},"6":{"name":"onlyMarketplace","line":137,"loc":{"start":{"line":137,"column":4},"end":{"line":142,"column":4}}},"7":{"name":"constructor","line":144,"loc":{"start":{"line":144,"column":4},"end":{"line":147,"column":4}}},"8":{"name":"createEscrow","line":157,"loc":{"start":{"line":153,"column":4},"end":{"line":172,"column":4}}},"9":{"name":"startDispute","line":180,"loc":{"start":{"line":180,"column":4},"end":{"line":187,"column":4}}},"10":{"name":"release","line":196,"loc":{"start":{"line":194,"column":4},"end":{"line":207,"column":4}}},"11":{"name":"refund","line":216,"loc":{"start":{"line":214,"column":4},"end":{"line":227,"column":4}}},"12":{"name":"getSellerOrders","line":233,"loc":{"start":{"line":233,"column":4},"end":{"line":236,"column":4}}},"13":{"name":"getBuyerOrders","line":238,"loc":{"start":{"line":238,"column":4},"end":{"line":241,"column":4}}},"14":{"name":"getOrderById","line":243,"loc":{"start":{"line":243,"column":4},"end":{"line":248,"column":4}}},"15":{"name":"getMarketplaceAddress","line":250,"loc":{"start":{"line":250,"column":4},"end":{"line":252,"column":4}}},"16":{"name":"getOwner","line":254,"loc":{"start":{"line":254,"column":4},"end":{"line":256,"column":4}}}},"statementMap":{"1":{"start":{"line":72,"column":8},"end":{"line":72,"column":55}},"2":{"start":{"line":73,"column":8},"end":{"line":73,"column":1923}},"3":{"start":{"line":75,"column":15},"end":{"line":75,"column":2046}},"4":{"start":{"line":77,"column":15},"end":{"line":77,"column":2157}},"5":{"start":{"line":86,"column":8},"end":{"line":86,"column":55}},"6":{"start":{"line":88,"column":8},"end":{"line":88,"column":2502}},"7":{"start":{"line":105,"column":8},"end":{"line":105,"column":55}},"8":{"start":{"line":106,"column":8},"end":{"line":106,"column":2965}},"9":{"start":{"line":108,"column":15},"end":{"line":108,"column":3088}},"10":{"start":{"line":109,"column":12},"end":{"line":109,"column":3138}},"11":{"start":{"line":112,"column":15},"end":{"line":112,"column":3269}},"12":{"start":{"line":114,"column":15},"end":{"line":114,"column":3378}},"13":{"start":{"line":123,"column":8},"end":{"line":123,"column":55}},"14":{"start":{"line":124,"column":8},"end":{"line":124,"column":3662}},"15":{"start":{"line":131,"column":8},"end":{"line":131,"column":3837}},"16":{"start":{"line":138,"column":8},"end":{"line":138,"column":3971}},"17":{"start":{"line":158,"column":8},"end":{"line":158,"column":4497}},"18":{"start":{"line":167,"column":8},"end":{"line":167,"column":42}},"19":{"start":{"line":168,"column":8},"end":{"line":168,"column":44}},"20":{"start":{"line":171,"column":8},"end":{"line":171,"column":28}},"21":{"start":{"line":181,"column":8},"end":{"line":181,"column":56}},"22":{"start":{"line":182,"column":8},"end":{"line":182,"column":5240}},"23":{"start":{"line":186,"column":8},"end":{"line":186,"column":36}},"24":{"start":{"line":197,"column":8},"end":{"line":197,"column":56}},"25":{"start":{"line":202,"column":8},"end":{"line":202,"column":68}},"26":{"start":{"line":203,"column":8},"end":{"line":203,"column":5900}},"27":{"start":{"line":206,"column":8},"end":{"line":206,"column":36}},"28":{"start":{"line":217,"column":8},"end":{"line":217,"column":56}},"29":{"start":{"line":222,"column":8},"end":{"line":222,"column":67}},"30":{"start":{"line":223,"column":8},"end":{"line":223,"column":6518}},"31":{"start":{"line":226,"column":8},"end":{"line":226,"column":36}},"32":{"start":{"line":234,"column":8},"end":{"line":234,"column":63}},"33":{"start":{"line":235,"column":8},"end":{"line":235,"column":24}},"34":{"start":{"line":239,"column":8},"end":{"line":239,"column":62}},"35":{"start":{"line":240,"column":8},"end":{"line":240,"column":24}},"36":{"start":{"line":244,"column":8},"end":{"line":244,"column":7112}},"37":{"start":{"line":247,"column":8},"end":{"line":247,"column":41}},"38":{"start":{"line":251,"column":8},"end":{"line":251,"column":37}},"39":{"start":{"line":255,"column":8},"end":{"line":255,"column":20}}},"branchMap":{"1":{"line":73,"type":"if","locations":[{"start":{"line":73,"column":8},"end":{"line":73,"column":8}},{"start":{"line":73,"column":8},"end":{"line":73,"column":8}}]},"2":{"line":75,"type":"if","locations":[{"start":{"line":75,"column":15},"end":{"line":75,"column":15}},{"start":{"line":75,"column":15},"end":{"line":75,"column":15}}]},"3":{"line":77,"type":"if","locations":[{"start":{"line":77,"column":15},"end":{"line":77,"column":15}},{"start":{"line":77,"column":15},"end":{"line":77,"column":15}}]},"4":{"line":88,"type":"if","locations":[{"start":{"line":88,"column":8},"end":{"line":88,"column":8}},{"start":{"line":88,"column":8},"end":{"line":88,"column":8}}]},"5":{"line":106,"type":"if","locations":[{"start":{"line":106,"column":8},"end":{"line":106,"column":8}},{"start":{"line":106,"column":8},"end":{"line":106,"column":8}}]},"6":{"line":108,"type":"if","locations":[{"start":{"line":108,"column":15},"end":{"line":108,"column":15}},{"start":{"line":108,"column":15},"end":{"line":108,"column":15}}]},"7":{"line":109,"type":"if","locations":[{"start":{"line":109,"column":12},"end":{"line":109,"column":12}},{"start":{"line":109,"column":12},"end":{"line":109,"column":12}}]},"8":{"line":112,"type":"if","locations":[{"start":{"line":112,"column":15},"end":{"line":112,"column":15}},{"start":{"line":112,"column":15},"end":{"line":112,"column":15}}]},"9":{"line":114,"type":"if","locations":[{"start":{"line":114,"column":15},"end":{"line":114,"column":15}},{"start":{"line":114,"column":15},"end":{"line":114,"column":15}}]},"10":{"line":124,"type":"if","locations":[{"start":{"line":124,"column":8},"end":{"line":124,"column":8}},{"start":{"line":124,"column":8},"end":{"line":124,"column":8}}]},"11":{"line":131,"type":"if","locations":[{"start":{"line":131,"column":8},"end":{"line":131,"column":8}},{"start":{"line":131,"column":8},"end":{"line":131,"column":8}}]},"12":{"line":138,"type":"if","locations":[{"start":{"line":138,"column":8},"end":{"line":138,"column":8}},{"start":{"line":138,"column":8},"end":{"line":138,"column":8}}]},"13":{"line":157,"type":"if","locations":[{"start":{"line":157,"column":23},"end":{"line":157,"column":23}},{"start":{"line":157,"column":23},"end":{"line":157,"column":23}}]},"14":{"line":180,"type":"if","locations":[{"start":{"line":180,"column":51},"end":{"line":180,"column":51}},{"start":{"line":180,"column":51},"end":{"line":180,"column":51}}]},"15":{"line":182,"type":"if","locations":[{"start":{"line":182,"column":8},"end":{"line":182,"column":8}},{"start":{"line":182,"column":8},"end":{"line":182,"column":8}}]},"16":{"line":196,"type":"if","locations":[{"start":{"line":196,"column":13},"end":{"line":196,"column":13}},{"start":{"line":196,"column":13},"end":{"line":196,"column":13}}]},"17":{"line":196,"type":"if","locations":[{"start":{"line":196,"column":43},"end":{"line":196,"column":43}},{"start":{"line":196,"column":43},"end":{"line":196,"column":43}}]},"18":{"line":203,"type":"if","locations":[{"start":{"line":203,"column":8},"end":{"line":203,"column":8}},{"start":{"line":203,"column":8},"end":{"line":203,"column":8}}]},"19":{"line":216,"type":"if","locations":[{"start":{"line":216,"column":13},"end":{"line":216,"column":13}},{"start":{"line":216,"column":13},"end":{"line":216,"column":13}}]},"20":{"line":216,"type":"if","locations":[{"start":{"line":216,"column":43},"end":{"line":216,"column":43}},{"start":{"line":216,"column":43},"end":{"line":216,"column":43}}]},"21":{"line":223,"type":"if","locations":[{"start":{"line":223,"column":8},"end":{"line":223,"column":8}},{"start":{"line":223,"column":8},"end":{"line":223,"column":8}}]},"22":{"line":244,"type":"if","locations":[{"start":{"line":244,"column":8},"end":{"line":244,"column":8}},{"start":{"line":244,"column":8},"end":{"line":244,"column":8}}]}}},
"contracts/Lock.sol":{"l":{"14":2,"19":1,"20":1,"27":5,"28":4,"30":3,"32":3},"path":"/Users/mac/Documents/work2/web3marketplace/Web3Marketplace/contracts/contracts/Lock.sol","s":{"1":2,"2":5,"3":4,"4":3,"5":3},"b":{"1":[1,1],"2":[4,1],"3":[3,1]},"f":{"1":2,"2":5},"fnMap":{"1":{"name":"constructor","line":13,"loc":{"start":{"line":13,"column":4},"end":{"line":21,"column":4}}},"2":{"name":"withdraw","line":23,"loc":{"start":{"line":23,"column":4},"end":{"line":33,"column":4}}}},"statementMap":{"1":{"start":{"line":14,"column":8},"end":{"line":14,"column":327}},"2":{"start":{"line":27,"column":8},"end":{"line":27,"column":71}},"3":{"start":{"line":28,"column":8},"end":{"line":28,"column":59}},"4":{"start":{"line":30,"column":8},"end":{"line":30,"column":63}},"5":{"start":{"line":32,"column":8},"end":{"line":32,"column":44}}},"branchMap":{"1":{"line":14,"type":"if","locations":[{"start":{"line":14,"column":8},"end":{"line":14,"column":8}},{"start":{"line":14,"column":8},"end":{"line":14,"column":8}}]},"2":{"line":27,"type":"if","locations":[{"start":{"line":27,"column":8},"end":{"line":27,"column":8}},{"start":{"line":27,"column":8},"end":{"line":27,"column":8}}]},"3":{"line":28,"type":"if","locations":[{"start":{"line":28,"column":8},"end":{"line":28,"column":8}},{"start":{"line":28,"column":8},"end":{"line":28,"column":8}}]}}},
"contracts/Marketplace.sol":{"l":{"61":1,"62":1,"78":32,"85":32,"86":32,"87":32,"99":29,"100":29,"101":1,"103":28,"104":1,"106":27,"109":27,"110":27,"111":27,"112":27,"113":0,"116":27,"124":1,"130":31,"131":1,"133":30,"137":2,"138":2,"142":1},"path":"/Users/mac/Documents/work2/web3marketplace/Web3Marketplace/contracts/contracts/Marketplace.sol","s":{"1":32,"2":32,"3":32,"4":29,"5":29,"6":28,"7":27,"8":27,"9":27,"10":27,"11":27,"12":27,"13":1,"14":31,"15":30,"16":2,"17":2,"18":1},"b":{"1":[1,28],"2":[1,27],"3":[27,0],"4":[0,27],"5":[1,30]},"f":{"1":1,"2":32,"3":29,"4":1,"5":31,"6":2,"7":1},"fnMap":{"1":{"name":"constructor","line":60,"loc":{"start":{"line":60,"column":4},"end":{"line":63,"column":4}}},"2":{"name":"createProduct","line":72,"loc":{"start":{"line":72,"column":4},"end":{"line":88,"column":4}}},"3":{"name":"buyProduct","line":98,"loc":{"start":{"line":98,"column":4},"end":{"line":117,"column":4}}},"4":{"name":"getOwner","line":123,"loc":{"start":{"line":123,"column":4},"end":{"line":125,"column":4}}},"5":{"name":"getProductById","line":127,"loc":{"start":{"line":127,"column":4},"end":{"line":134,"column":4}}},"6":{"name":"getOwnerProducts","line":136,"loc":{"start":{"line":136,"column":4},"end":{"line":139,"column":4}}},"7":{"name":"getEscrowAddress","line":141,"loc":{"start":{"line":141,"column":4},"end":{"line":143,"column":4}}}},"statementMap":{"1":{"start":{"line":78,"column":8},"end":{"line":78,"column":1694}},"2":{"start":{"line":86,"column":8},"end":{"line":86,"column":49}},"3":{"start":{"line":87,"column":8},"end":{"line":87,"column":64}},"4":{"start":{"line":99,"column":8},"end":{"line":99,"column":59}},"5":{"start":{"line":100,"column":8},"end":{"line":100,"column":2407}},"6":{"start":{"line":103,"column":8},"end":{"line":103,"column":2514}},"7":{"start":{"line":106,"column":8},"end":{"line":106,"column":2674}},"8":{"start":{"line":109,"column":8},"end":{"line":109,"column":65}},"9":{"start":{"line":110,"column":8},"end":{"line":110,"column":2851}},"10":{"start":{"line":111,"column":12},"end":{"line":111,"column":77}},"11":{"start":{"line":112,"column":12},"end":{"line":112,"column":2967}},"12":{"start":{"line":116,"column":8},"end":{"line":116,"column":34}},"13":{"start":{"line":124,"column":8},"end":{"line":124,"column":22}},"14":{"start":{"line":130,"column":8},"end":{"line":130,"column":3349}},"15":{"start":{"line":133,"column":8},"end":{"line":133,"column":45}},"16":{"start":{"line":137,"column":8},"end":{"line":137,"column":67}},"17":{"start":{"line":138,"column":8},"end":{"line":138,"column":27}},"18":{"start":{"line":142,"column":8},"end":{"line":142,"column":38}}},"branchMap":{"1":{"line":100,"type":"if","locations":[{"start":{"line":100,"column":8},"end":{"line":100,"column":8}},{"start":{"line":100,"column":8},"end":{"line":100,"column":8}}]},"2":{"line":103,"type":"if","locations":[{"start":{"line":103,"column":8},"end":{"line":103,"column":8}},{"start":{"line":103,"column":8},"end":{"line":103,"column":8}}]},"3":{"line":110,"type":"if","locations":[{"start":{"line":110,"column":8},"end":{"line":110,"column":8}},{"start":{"line":110,"column":8},"end":{"line":110,"column":8}}]},"4":{"line":112,"type":"if","locations":[{"start":{"line":112,"column":12},"end":{"line":112,"column":12}},{"start":{"line":112,"column":12},"end":{"line":112,"column":12}}]},"5":{"line":130,"type":"if","locations":[{"start":{"line":130,"column":8},"end":{"line":130,"column":8}},{"start":{"line":130,"column":8},"end":{"line":130,"column":8}}]}}}}
