TN:
SF:/Users/mac/Documents/work2/web3marketplace/Web3Marketplace/contracts/contracts/Escrow.sol
FN:71,onlySellerOrDisputed
FN:85,orderOpenOrDisputed
FN:104,onlyBuyerOrTimeOrDisputed
FN:122,onlySellerOrBuyer
FN:130,onlyOwner
FN:137,onlyMarketplace
FN:144,constructor
FN:157,createEscrow
FN:180,startDispute
FN:196,release
FN:216,refund
FN:233,getSellerOrders
FN:238,getBuyerOrders
FN:243,getOrderById
FN:250,getMarketplaceAddress
FN:254,getOwner
FNF:16
FNH:13
FNDA:8,onlySellerOrDisputed
FNDA:20,orderOpenOrDisputed
FNDA:10,onlyBuyerOrTimeOrDisputed
FNDA:7,onlySellerOrBuyer
FNDA:0,onlyOwner
FNDA:28,onlyMarketplace
FNDA:1,constructor
FNDA:27,createEscrow
FNDA:7,startDispute
FNDA:6,release
FNDA:5,refund
FNDA:0,getSellerOrders
FNDA:0,getBuyerOrders
FNDA:13,getOrderById
FNDA:1,getMarketplaceAddress
FNDA:1,getOwner
DA:72,8
DA:73,8
DA:74,1
DA:76,1
DA:80,1
DA:82,5
DA:86,20
DA:88,20
DA:92,2
DA:94,18
DA:105,10
DA:106,10
DA:107,1
DA:109,2
DA:110,1
DA:113,1
DA:117,1
DA:119,6
DA:123,7
DA:124,7
DA:125,0
DA:127,7
DA:131,0
DA:132,0
DA:134,0
DA:138,28
DA:139,1
DA:141,27
DA:145,1
DA:146,1
DA:158,27
DA:167,27
DA:168,27
DA:169,27
DA:170,27
DA:171,27
DA:181,7
DA:182,7
DA:183,0
DA:185,7
DA:186,7
DA:197,6
DA:200,6
DA:202,6
DA:203,6
DA:204,0
DA:206,6
DA:217,5
DA:220,5
DA:222,5
DA:223,5
DA:224,0
DA:226,5
DA:234,0
DA:235,0
DA:239,0
DA:240,0
DA:244,13
DA:245,0
DA:247,13
DA:251,1
DA:255,1
LF:62
LH:50
BRDA:73,1,0,1
BRDA:73,1,1,7
BRDA:75,2,0,1
BRDA:75,2,1,6
BRDA:77,3,0,1
BRDA:77,3,1,5
BRDA:88,4,0,2
BRDA:88,4,1,18
BRDA:106,5,0,1
BRDA:106,5,1,9
BRDA:108,6,0,2
BRDA:108,6,1,7
BRDA:109,7,0,1
BRDA:109,7,1,1
BRDA:112,8,0,1
BRDA:112,8,1,6
BRDA:114,9,0,1
BRDA:114,9,1,5
BRDA:124,10,0,0
BRDA:124,10,1,7
BRDA:131,11,0,0
BRDA:131,11,1,0
BRDA:138,12,0,1
BRDA:138,12,1,27
BRDA:157,13,0,27
BRDA:157,13,1,1
BRDA:180,14,0,7
BRDA:180,14,1,0
BRDA:182,15,0,0
BRDA:182,15,1,7
BRDA:196,16,0,10
BRDA:196,16,1,1
BRDA:196,17,0,6
BRDA:196,17,1,4
BRDA:203,18,0,0
BRDA:203,18,1,6
BRDA:216,19,0,8
BRDA:216,19,1,1
BRDA:216,20,0,5
BRDA:216,20,1,3
BRDA:223,21,0,0
BRDA:223,21,1,5
BRDA:244,22,0,0
BRDA:244,22,1,13
BRF:44
BRH:36
end_of_record
TN:
SF:/Users/mac/Documents/work2/web3marketplace/Web3Marketplace/contracts/contracts/Lock.sol
FN:13,constructor
FN:23,withdraw
FNF:2
FNH:2
FNDA:2,constructor
FNDA:5,withdraw
DA:14,2
DA:19,1
DA:20,1
DA:27,5
DA:28,4
DA:30,3
DA:32,3
LF:7
LH:7
BRDA:14,1,0,1
BRDA:14,1,1,1
BRDA:27,2,0,4
BRDA:27,2,1,1
BRDA:28,3,0,3
BRDA:28,3,1,1
BRF:6
BRH:6
end_of_record
TN:
SF:/Users/mac/Documents/work2/web3marketplace/Web3Marketplace/contracts/contracts/Marketplace.sol
FN:60,constructor
FN:72,createProduct
FN:98,buyProduct
FN:123,getOwner
FN:127,getProductById
FN:136,getOwnerProducts
FN:141,getEscrowAddress
FNF:7
FNH:7
FNDA:1,constructor
FNDA:32,createProduct
FNDA:29,buyProduct
FNDA:1,getOwner
FNDA:31,getProductById
FNDA:2,getOwnerProducts
FNDA:1,getEscrowAddress
DA:61,1
DA:62,1
DA:78,32
DA:85,32
DA:86,32
DA:87,32
DA:99,29
DA:100,29
DA:101,1
DA:103,28
DA:104,1
DA:106,27
DA:109,27
DA:110,27
DA:111,27
DA:112,27
DA:113,0
DA:116,27
DA:124,1
DA:130,31
DA:131,1
DA:133,30
DA:137,2
DA:138,2
DA:142,1
LF:25
LH:24
BRDA:100,1,0,1
BRDA:100,1,1,28
BRDA:103,2,0,1
BRDA:103,2,1,27
BRDA:110,3,0,27
BRDA:110,3,1,0
BRDA:112,4,0,0
BRDA:112,4,1,27
BRDA:130,5,0,1
BRDA:130,5,1,30
BRF:10
BRH:8
end_of_record
