TN:
SF:/Users/mac/Documents/work2/web3marketplace/Web3Marketplace/contracts/contracts/Escrow.sol
FN:72,onlySellerOrDisputed
FN:86,orderOpenOrDisputed
FN:104,onlyBuyerOrTimeOrDisputed
FN:122,onlySellerOrBuyer
FN:130,onlyOwner
FN:137,onlyMarketplace
FN:144,constructor
FN:159,createEscrow
FN:182,startDispute
FN:198,release
FN:218,refund
FN:235,getSellerOrders
FN:240,getBuyerOrders
FN:245,getOrderById
FN:252,getMarketplaceAddress
FN:256,getOwner
FNF:16
FNH:13
FNDA:8,onlySellerOrDisputed
FNDA:20,orderOpenOrDisputed
FNDA:10,onlyBuyerOrTimeOrDisputed
FNDA:7,onlySellerOrBuyer
FNDA:0,onlyOwner
FNDA:28,onlyMarketplace
FNDA:1,constructor
FNDA:27,createEscrow
FNDA:7,startDispute
FNDA:6,release
FNDA:5,refund
FNDA:0,getSellerOrders
FNDA:0,getBuyerOrders
FNDA:13,getOrderById
FNDA:1,getMarketplaceAddress
FNDA:1,getOwner
DA:73,8
DA:74,8
DA:75,1
DA:77,1
DA:81,1
DA:83,5
DA:87,20
DA:89,20
DA:93,2
DA:95,18
DA:105,10
DA:106,10
DA:107,1
DA:109,2
DA:110,1
DA:113,1
DA:117,1
DA:119,6
DA:123,7
DA:124,7
DA:125,0
DA:127,7
DA:131,0
DA:132,0
DA:134,0
DA:138,28
DA:139,1
DA:141,27
DA:145,1
DA:146,1
DA:160,27
DA:170,27
DA:171,27
DA:172,27
DA:173,27
DA:183,7
DA:184,7
DA:185,0
DA:187,7
DA:188,7
DA:199,6
DA:202,6
DA:204,6
DA:205,6
DA:206,0
DA:208,6
DA:219,5
DA:222,5
DA:224,5
DA:225,5
DA:226,0
DA:228,5
DA:236,0
DA:237,0
DA:241,0
DA:242,0
DA:246,13
DA:247,0
DA:249,13
DA:253,1
DA:257,1
LF:61
LH:49
BRDA:74,1,0,1
BRDA:74,1,1,7
BRDA:76,2,0,1
BRDA:76,2,1,6
BRDA:78,3,0,1
BRDA:78,3,1,5
BRDA:89,4,0,2
BRDA:89,4,1,18
BRDA:106,5,0,1
BRDA:106,5,1,9
BRDA:108,6,0,2
BRDA:108,6,1,7
BRDA:109,7,0,1
BRDA:109,7,1,1
BRDA:112,8,0,1
BRDA:112,8,1,6
BRDA:114,9,0,1
BRDA:114,9,1,5
BRDA:124,10,0,0
BRDA:124,10,1,7
BRDA:131,11,0,0
BRDA:131,11,1,0
BRDA:138,12,0,1
BRDA:138,12,1,27
BRDA:159,13,0,27
BRDA:159,13,1,1
BRDA:182,14,0,7
BRDA:182,14,1,0
BRDA:184,15,0,0
BRDA:184,15,1,7
BRDA:198,16,0,10
BRDA:198,16,1,1
BRDA:198,17,0,6
BRDA:198,17,1,4
BRDA:205,18,0,0
BRDA:205,18,1,6
BRDA:218,19,0,8
BRDA:218,19,1,1
BRDA:218,20,0,5
BRDA:218,20,1,3
BRDA:225,21,0,0
BRDA:225,21,1,5
BRDA:246,22,0,0
BRDA:246,22,1,13
BRF:44
BRH:36
end_of_record
TN:
SF:/Users/mac/Documents/work2/web3marketplace/Web3Marketplace/contracts/contracts/Lock.sol
FN:13,constructor
FN:23,withdraw
FNF:2
FNH:2
FNDA:2,constructor
FNDA:5,withdraw
DA:14,2
DA:19,1
DA:20,1
DA:27,5
DA:28,4
DA:30,3
DA:32,3
LF:7
LH:7
BRDA:14,1,0,1
BRDA:14,1,1,1
BRDA:27,2,0,4
BRDA:27,2,1,1
BRDA:28,3,0,3
BRDA:28,3,1,1
BRF:6
BRH:6
end_of_record
TN:
SF:/Users/mac/Documents/work2/web3marketplace/Web3Marketplace/contracts/contracts/Marketplace.sol
FN:62,constructor
FN:74,createProduct
FN:102,buyProduct
FN:135,getOwner
FN:139,getProductById
FN:148,getOwnerProducts
FN:153,getEscrowAddress
FNF:7
FNH:7
FNDA:1,constructor
FNDA:32,createProduct
FNDA:29,buyProduct
FNDA:1,getOwner
FNDA:31,getProductById
FNDA:2,getOwnerProducts
FNDA:1,getEscrowAddress
DA:63,1
DA:64,1
DA:81,32
DA:89,32
DA:90,32
DA:91,32
DA:107,29
DA:108,29
DA:109,0
DA:111,29
DA:112,1
DA:114,28
DA:115,1
DA:117,27
DA:120,27
DA:122,27
DA:123,27
DA:124,27
DA:125,0
DA:128,27
DA:136,1
DA:142,31
DA:143,1
DA:145,30
DA:149,2
DA:150,2
DA:154,1
LF:27
LH:25
BRDA:108,1,0,0
BRDA:108,1,1,29
BRDA:111,2,0,1
BRDA:111,2,1,28
BRDA:114,3,0,1
BRDA:114,3,1,27
BRDA:122,4,0,27
BRDA:122,4,1,0
BRDA:124,5,0,0
BRDA:124,5,1,27
BRDA:142,6,0,1
BRDA:142,6,1,30
BRF:12
BRH:9
end_of_record
